[0;34m>> python miniwave.py --language cuda --file kernels/cuda_temporal.cu --grid_size 256 --num_timesteps 100 --block_size_1 8 --block_size_2 8 --block_size_3 8 --sm 86 --dtype float32[0m
CMakeLists.txt
data
miniwave.c
selected_kernel.h.in
-- The C compiler identification is GNU 13.3.0
-- The CXX compiler identification is GNU 13.3.0
-- Detecting C compiler ABI info
-- Detecting C compiler ABI info - done
-- Check for working C compiler: /usr/bin/cc - skipped
-- Detecting C compile features
-- Detecting C compile features - done
-- Detecting CXX compiler ABI info
-- Detecting CXX compiler ABI info - done
-- Check for working CXX compiler: /usr/bin/c++ - skipped
-- Detecting CXX compile features
-- Detecting CXX compile features - done
-- The CUDA compiler identification is NVIDIA 12.0.140
-- Detecting CUDA compiler ABI info
-- Detecting CUDA compiler ABI info - done
-- Check for working CUDA compiler: /usr/bin/nvcc - skipped
-- Detecting CUDA compile features
-- Detecting CUDA compile features - done
-- Using kernel: kernels/cuda_temporal.cu
-- Found HDF5: hdf5::hdf5-shared (found version "1.14.3") found components: C 
-- Configuring done (3.4s)
-- Generating done (0.0s)
CMake Warning:
  Manually-specified variables were not used by the project:

    KERNEL_HEADER


-- Build files have been written to: /home/gabe/simwave/miniwave/c-frontend/build
[ 25%] Building CUDA object CMakeFiles/miniwave.dir/home/gabe/simwave/miniwave/kernels/cuda_temporal.cu.o
[ 50%] Building C object CMakeFiles/miniwave.dir/miniwave.c.o
[ 75%] Linking CUDA device code CMakeFiles/miniwave.dir/cmake_device_link.o
nvlink warning : Skipping incompatible '/usr/lib/x86_64-linux-gnu/libdl.a' when searching for -ldl
nvlink warning : Skipping incompatible '/usr/lib/x86_64-linux-gnu/librt.a' when searching for -lrt
nvlink warning : Skipping incompatible '/usr/lib/x86_64-linux-gnu/libpthread.a' when searching for -lpthread
[100%] Linking CUDA executable miniwave
[100%] Built target miniwave

╔════════════════════════════════════════════════════════════╗
║           MINIWAVE - 3D ACOUSTIC WAVE SIMULATOR            ║
╚════════════════════════════════════════════════════════════╝

📐 GRID CONFIGURATION:
   Dimensions: 256 x 256 x 256 = 16777216 points
   Spacing: 10.0 x 10.0 x 10.0 meters
   Physical size: 2560 x 2560 x 2560 meters

⏱️  TIME CONFIGURATION:
   Timesteps: 100
   Time step (dt): 0.002000 seconds
   Total simulated time: 0.200000 seconds

🔢 NUMERICAL METHOD:
   Stencil radius: 1 (space order: 2)
   FD coefficients: [-2.000, 1.000]

🖥️  GPU CONFIGURATION:
   Block size: 8 x 8 x 8 threads

=== INITIAL WAVEFIELD ===
Min: 0.000000 | Max: 50.000000 | Sum: 24199.60 | Mean: 0.001442
Active elements (|u| > 0.01): 512 / 16777216 (0.00% of grid)

=== INITIAL STATE - CENTRAL CROSS-SECTION (y=128 plane) ===
Line from center: [z=128, y=128, x=0:31]
  0.000   0.000   0.000   0.000   0.000   0.000   0.000   0.000 
  0.000   0.000   0.000   0.000   0.000   0.000   0.000   0.000 
  0.000   0.000   0.000   0.000   0.000   0.000   0.000   0.000 
  0.000   0.000   0.000   0.000   0.000   0.000   0.000   0.000 

╔════════════════════════════════════════════════════════════╗
║                    RUNNING SIMULATION...                   ║
╚════════════════════════════════════════════════════════════╝

╔════════════════════════════════════════════════════════════╗
║                  SIMULATION COMPLETED! ✓                   ║
╚════════════════════════════════════════════════════════════╝

=== FINAL WAVEFIELD ===
Min: -20.608135 | Max: 59.900864 | Sum: 24307.39 | Mean: 0.001449
Active elements (|u| > 0.01): 22176 / 16777216 (0.13% of grid)

=== FINAL STATE - CENTRAL CROSS-SECTION (y=128 plane) ===
Line from center: [z=128, y=128, x=0:31]
  0.000   0.000   0.000   0.000   0.000   0.000   0.000   0.000 
  0.000   0.000   0.000   0.000   0.000   0.000   0.000   0.000 
  0.000   0.000   0.000   0.000   0.000   0.000   0.000   0.000 
  0.000   0.000   0.000   0.000   0.000   0.000   0.000   0.000 

🎯 CENTER POINT [128,128,128]:
   Before: 41.599056 → After: 41.599056 (change: +0.000000)

⏱️  PERFORMANCE:
   Execution time: 0.454912 seconds
   Points computed: 1677721600
   Throughput: 3688.01 million points/second

💾 Results saved to: c-frontend/data/results.h5

Compilation command: nvcc -O3 -gencode arch=compute_86,code=sm_86 --compiler-options -fPIC,-Wall  -shared -DBLOCK1=8 -DBLOCK2=8 -DBLOCK3=8 -DSTENCIL_RADIUS=1 -DFLOAT -o /tmp/miniwave/81f0a9ff538d0f5931c66b90e3f6c6607acc5e88.so kernels/cuda_temporal.cu
----------
Language:  cuda
File:  kernels/cuda_temporal.cu
Dtype: <class 'numpy.float32'> (float32)
Grid size:  (256, 256, 256)
Grid spacing:  (np.float32(10.0), np.float32(10.0), np.float32(10.0))
Space order:  2
-DSTENCIL_RADIUS:  1
Iterations:  100
Block sizes:  (8, 8, 8)
SM:  86
Fast Math:  False
----------
Execution time: 0.454912 seconds
